TN:
SF:src/App.tsx
FN:6,App
FN:21,(anonymous_2)
FN:21,(anonymous_3)
FNF:3
FNH:3
FNDA:15,App
FNDA:1,(anonymous_2)
FNDA:1,(anonymous_3)
DA:1,1
DA:2,1
DA:3,1
DA:4,1
DA:7,15
DA:9,15
DA:21,1
DA:35,1
LF:8
LH:8
BRF:0
BRH:0
end_of_record
TN:
SF:src/components/class_01.tsx
FN:1,(anonymous_0)
FNF:1
FNH:1
FNDA:1,(anonymous_0)
DA:1,1
DA:2,1
DA:14,1
LF:3
LH:3
BRF:0
BRH:0
end_of_record
TN:
SF:src/components/class_02.tsx
FN:1,(anonymous_0)
FNF:1
FNH:1
FNDA:1,(anonymous_0)
DA:1,1
DA:2,1
DA:14,1
LF:3
LH:3
BRF:0
BRH:0
end_of_record
TN:
SF:src/components/class_03.tsx
FN:3,(anonymous_0)
FN:10,(anonymous_1)
FNF:2
FNH:2
FNDA:2,(anonymous_0)
FNDA:1,(anonymous_1)
DA:1,1
DA:3,1
DA:4,2
DA:5,2
DA:10,1
DA:16,1
LF:6
LH:6
BRF:0
BRH:0
end_of_record
TN:
SF:src/components/class_04.tsx
FN:3,(anonymous_0)
FN:8,(anonymous_1)
FNF:2
FNH:2
FNDA:2,(anonymous_0)
FNDA:1,(anonymous_1)
DA:1,1
DA:3,1
DA:4,2
DA:5,2
DA:8,1
DA:14,1
LF:6
LH:6
BRF:0
BRH:0
end_of_record
TN:
SF:tests/mocks/svgMock.tsx
FNF:0
FNH:0
DA:1,1
DA:2,1
LF:2
LH:2
BRF:0
BRH:0
end_of_record
